<?xml version="1.0" encoding="UTF-8"?>
<!-- Generated by org.testng.reporters.JUnitReportReporter -->
<testsuite hostname="HB-laptops-034" failures="0" tests="2" name="automation.Harpinder" time="13.362" errors="0" timestamp="2021-06-24T23:17:37 EDT" skipped="0">
  <testcase classname="automation.Harpinder" name="imagess" time="5.667"/>
  <system-out/>
  <testcase classname="automation.Harpinder" name="buttons" time="7.695"/>
  <system-out/>
</testsuite> <!-- automation.Harpinder -->
