<?xml version="1.0" encoding="UTF-8"?>
<!-- Generated by org.testng.reporters.JUnitReportReporter -->
<testsuite hostname="HB-laptops-034" failures="0" tests="1" name="automation.Automated" time="11.412" errors="0" timestamp="2021-06-24T23:04:31 EDT" skipped="0">
  <testcase classname="automation.Automated" name="Finalproject" time="11.412"/>
  <system-out/>
</testsuite> <!-- automation.Automated -->
